c:\sdk\nrxproj — копия\nrxproj\x64\debug\nrxproj.pch
c:\sdk\nrxproj — копия\nrxproj\x64\debug\nrxproj.pdb
c:\sdk\nrxproj — копия\nrxproj\x64\debug\pch.obj
c:\sdk\nrxproj — копия\nrxproj\x64\debug\nrxproj.obj
c:\sdk\nrxproj — копия\nrxproj\x64\debug\nrxproj.ilk
c:\sdk\nrxproj — копия\x64\debug\nrxproj.nrx
c:\sdk\nrxproj — копия\x64\debug\nrxproj.pdb
c:\sdk\nrxproj — копия\nrxproj\x64\debug\nrxproj.lib
c:\sdk\nrxproj — копия\nrxproj\x64\debug\nrxproj.exp
c:\sdk\nrxproj — копия\nrxproj\x64\debug\nrxproj.res
c:\sdk\nrxproj — копия\nrxproj\x64\debug\nrxproj.tlog\cl.command.1.tlog
c:\sdk\nrxproj — копия\nrxproj\x64\debug\nrxproj.tlog\cl.read.1.tlog
c:\sdk\nrxproj — копия\nrxproj\x64\debug\nrxproj.tlog\cl.write.1.tlog
c:\sdk\nrxproj — копия\nrxproj\x64\debug\nrxproj.tlog\link.command.1.tlog
c:\sdk\nrxproj — копия\nrxproj\x64\debug\nrxproj.tlog\link.read.1.tlog
c:\sdk\nrxproj — копия\nrxproj\x64\debug\nrxproj.tlog\link.write.1.tlog
c:\sdk\nrxproj — копия\nrxproj\x64\debug\nrxproj.tlog\nrxproj.write.1u.tlog
c:\sdk\nrxproj — копия\nrxproj\x64\debug\nrxproj.tlog\rc.command.1.tlog
c:\sdk\nrxproj — копия\nrxproj\x64\debug\nrxproj.tlog\rc.read.1.tlog
c:\sdk\nrxproj — копия\nrxproj\x64\debug\nrxproj.tlog\rc.write.1.tlog
